<?xml version="1.0" encoding="UTF-8"?>
<testsuite name="com.forest.forest_server.ForestServerApplicationTests" tests="1" skipped="0" failures="0" errors="0" timestamp="2024-08-28T18:18:12" hostname="김진욱" time="1.492">
  <properties/>
  <testcase name="contextLoads()" classname="com.forest.forest_server.ForestServerApplicationTests" time="1.492"/>
  <system-out><![CDATA[03:18:00.637 [Test worker] INFO org.springframework.test.context.support.AnnotationConfigContextLoaderUtils -- Could not detect default configuration classes for test class [com.forest.forest_server.ForestServerApplicationTests]: ForestServerApplicationTests does not declare any static, non-private, non-final, nested classes annotated with @Configuration.
03:18:00.997 [Test worker] INFO org.springframework.boot.test.context.SpringBootTestContextBootstrapper -- Found @SpringBootConfiguration com.forest.forest_server.ForestServerApplication for test class com.forest.forest_server.ForestServerApplicationTests

  .   ____          _            __ _ _
 /\\ / ___'_ __ _ _(_)_ __  __ _ \ \ \ \
( ( )\___ | '_ | '_| | '_ \/ _` | \ \ \ \
 \\/  ___)| |_)| | | | | || (_| |  ) ) ) )
  '  |____| .__|_| |_|_| |_\__, | / / / /
 =========|_|==============|___/=/_/_/_/
 :: Spring Boot ::                (v3.2.5)

2024-08-29T03:18:03.392+09:00  INFO 14868 --- [forest_server] [    Test worker] c.f.f.ForestServerApplicationTests       : Starting ForestServerApplicationTests using Java 17.0.10 with PID 14868 (started by keror in C:\Users\keror\forest\forest_server)
2024-08-29T03:18:03.396+09:00  INFO 14868 --- [forest_server] [    Test worker] c.f.f.ForestServerApplicationTests       : No active profile set, falling back to 1 default profile: "default"
2024-08-29T03:18:05.797+09:00  INFO 14868 --- [forest_server] [    Test worker] .s.d.r.c.RepositoryConfigurationDelegate : Bootstrapping Spring Data JPA repositories in DEFAULT mode.
2024-08-29T03:18:06.057+09:00  INFO 14868 --- [forest_server] [    Test worker] .s.d.r.c.RepositoryConfigurationDelegate : Finished Spring Data repository scanning in 227 ms. Found 2 JPA repository interfaces.
2024-08-29T03:18:07.295+09:00  INFO 14868 --- [forest_server] [    Test worker] com.zaxxer.hikari.HikariDataSource       : HikariPool-1 - Starting...
2024-08-29T03:18:07.535+09:00  INFO 14868 --- [forest_server] [    Test worker] com.zaxxer.hikari.pool.HikariPool        : HikariPool-1 - Added connection org.mariadb.jdbc.MariaDbConnection@4d98e41b
2024-08-29T03:18:07.543+09:00  INFO 14868 --- [forest_server] [    Test worker] com.zaxxer.hikari.HikariDataSource       : HikariPool-1 - Start completed.
2024-08-29T03:18:07.660+09:00  INFO 14868 --- [forest_server] [    Test worker] o.hibernate.jpa.internal.util.LogHelper  : HHH000204: Processing PersistenceUnitInfo [name: default]
2024-08-29T03:18:07.884+09:00  INFO 14868 --- [forest_server] [    Test worker] org.hibernate.Version                    : HHH000412: Hibernate ORM core version 6.4.4.Final
2024-08-29T03:18:07.969+09:00  INFO 14868 --- [forest_server] [    Test worker] o.h.c.internal.RegionFactoryInitiator    : HHH000026: Second-level cache disabled
2024-08-29T03:18:08.602+09:00  INFO 14868 --- [forest_server] [    Test worker] o.s.o.j.p.SpringPersistenceUnitInfo      : No LoadTimeWeaver setup: ignoring JPA class transformer
2024-08-29T03:18:08.761+09:00  WARN 14868 --- [forest_server] [    Test worker] org.hibernate.dialect.Dialect            : HHH000511: The 8.0.34 version for [org.hibernate.dialect.MariaDBDialect] is no longer supported, hence certain features may not work properly. The minimum supported version is 10.4.0. Check the community dialects project for available legacy versions.
2024-08-29T03:18:10.595+09:00  INFO 14868 --- [forest_server] [    Test worker] o.h.e.t.j.p.i.JtaPlatformInitiator       : HHH000489: No JTA platform available (set 'hibernate.transaction.jta.platform' to enable JTA platform integration)
2024-08-29T03:18:10.602+09:00  INFO 14868 --- [forest_server] [    Test worker] j.LocalContainerEntityManagerFactoryBean : Initialized JPA EntityManagerFactory for persistence unit 'default'
2024-08-29T03:18:11.813+09:00  WARN 14868 --- [forest_server] [    Test worker] JpaBaseConfiguration$JpaWebConfiguration : spring.jpa.open-in-view is enabled by default. Therefore, database queries may be performed during view rendering. Explicitly configure spring.jpa.open-in-view to disable this warning
2024-08-29T03:18:12.704+09:00  INFO 14868 --- [forest_server] [    Test worker] c.f.f.ForestServerApplicationTests       : Started ForestServerApplicationTests in 10.642 seconds (process running for 14.657)
Deserialized Object: 1999-07-29
Serialized JSON: {"birthdate":"1999-07-29","sex":"M","aphasiaType":"type1"}
]]></system-out>
  <system-err><![CDATA[]]></system-err>
</testsuite>
